<?xml version="1.0" encoding="UTF-8"?>
<!-- Generated by org.testng.reporters.JUnitXMLReporter -->
<testsuite ignored="0" hostname="438d7af651b2556" failures="0" tests="3" name="Default test" time="25.323" errors="0" timestamp="2023-08-01T23:06:27 IST">
  <testcase classname="testcases.dashboardSearchCustomerTest" name="login" time="6.776"/>
  <testcase classname="testcases.dashboardSearchCustomerTest" name="verifydashboard" time="4.546"/>
  <testcase classname="testcases.dashboardSearchCustomerTest" name="logout" time="4.404"/>
</testsuite> <!-- Default test -->
