<?xml version="1.0" encoding="UTF-8"?>
<!-- Generated by org.testng.reporters.JUnitXMLReporter -->
<testsuite hostname="438d7af651b2556" failures="0" tests="3" name="Test" time="21.022" errors="0" timestamp="1 Aug 2023 17:28:13 GMT">
  <testcase classname="testcases.dashboardSearchCustomerTest" name="login" time="6.631"/>
  <testcase classname="testcases.dashboardSearchCustomerTest" name="verifydashboard" time="3.469"/>
  <testcase classname="testcases.dashboardSearchCustomerTest" name="logout" time="1.619"/>
</testsuite> <!-- Test -->
