<?xml version="1.0" encoding="UTF-8"?>
<testng-results total="3" passed="3" failed="0" skipped="0">
  <reporter-output>
  </reporter-output>
  <suite started-at="2023-08-01T17:27:52Z" name="Suite" finished-at="2023-08-01T17:28:13Z" duration-ms="21022">
    <groups>
    </groups>
    <test started-at="2023-08-01T17:27:52Z" name="Test" finished-at="2023-08-01T17:28:13Z" duration-ms="21022">
      <class name="testcases.dashboardSearchCustomerTest">
        <test-method is-config="true" signature="launchApp()[pri:0, instance:testcases.dashboardSearchCustomerTest@7d3d101b]" started-at="2023-08-01T22:57:52Z" name="launchApp" finished-at="2023-08-01T22:57:55Z" duration-ms="3070" status="PASS">
          <reporter-output>
          </reporter-output>
        </test-method> <!-- launchApp -->
        <test-method signature="login()[pri:0, instance:testcases.dashboardSearchCustomerTest@7d3d101b]" started-at="2023-08-01T22:57:55Z" name="login" finished-at="2023-08-01T22:58:02Z" duration-ms="6631" status="PASS">
          <reporter-output>
          </reporter-output>
        </test-method> <!-- login -->
        <test-method signature="verifydashboard()[pri:0, instance:testcases.dashboardSearchCustomerTest@7d3d101b]" started-at="2023-08-01T22:58:02Z" name="verifydashboard" finished-at="2023-08-01T22:58:05Z" duration-ms="3469" status="PASS">
          <reporter-output>
          </reporter-output>
        </test-method> <!-- verifydashboard -->
        <test-method signature="logout()[pri:0, instance:testcases.dashboardSearchCustomerTest@7d3d101b]" started-at="2023-08-01T22:58:05Z" name="logout" finished-at="2023-08-01T22:58:07Z" duration-ms="1619" status="PASS">
          <reporter-output>
          </reporter-output>
        </test-method> <!-- logout -->
        <test-method is-config="true" signature="closeApp()[pri:0, instance:testcases.dashboardSearchCustomerTest@7d3d101b]" started-at="2023-08-01T22:58:07Z" name="closeApp" finished-at="2023-08-01T22:58:13Z" duration-ms="6223" status="PASS">
          <reporter-output>
          </reporter-output>
        </test-method> <!-- closeApp -->
      </class> <!-- testcases.dashboardSearchCustomerTest -->
    </test> <!-- Test -->
  </suite> <!-- Suite -->
</testng-results>
