<?xml version="1.0" encoding="UTF-8"?>
<testng-results ignored="0" total="3" passed="3" failed="0" skipped="0">
  <reporter-output>
  </reporter-output>
  <suite started-at="2023-08-01T23:07:04 IST" name="Suite" finished-at="2023-08-01T23:07:28 IST" duration-ms="24430">
    <groups>
    </groups>
    <test started-at="2023-08-01T23:07:04 IST" name="Test" finished-at="2023-08-01T23:07:28 IST" duration-ms="24430">
      <class name="testcases.dashboardSearchCustomerTest">
        <test-method is-config="true" signature="launchApp()[pri:0, instance:testcases.dashboardSearchCustomerTest@273444fe]" started-at="2023-08-01T23:07:04 IST" name="launchApp" finished-at="2023-08-01T23:07:07 IST" duration-ms="3315" status="PASS">
          <reporter-output>
          </reporter-output>
        </test-method> <!-- launchApp -->
        <test-method signature="login()[pri:-1, instance:testcases.dashboardSearchCustomerTest@273444fe]" started-at="2023-08-01T23:07:07 IST" name="login" finished-at="2023-08-01T23:07:13 IST" duration-ms="5894" status="PASS">
          <reporter-output>
          </reporter-output>
        </test-method> <!-- login -->
        <test-method signature="verifydashboard()[pri:1, instance:testcases.dashboardSearchCustomerTest@273444fe]" started-at="2023-08-01T23:07:13 IST" name="verifydashboard" finished-at="2023-08-01T23:07:18 IST" duration-ms="4557" status="PASS">
          <reporter-output>
          </reporter-output>
        </test-method> <!-- verifydashboard -->
        <test-method signature="logout()[pri:2, instance:testcases.dashboardSearchCustomerTest@273444fe]" started-at="2023-08-01T23:07:18 IST" name="logout" finished-at="2023-08-01T23:07:22 IST" duration-ms="4385" status="PASS">
          <reporter-output>
          </reporter-output>
        </test-method> <!-- logout -->
        <test-method is-config="true" signature="closeApp()[pri:0, instance:testcases.dashboardSearchCustomerTest@273444fe]" started-at="2023-08-01T23:07:22 IST" name="closeApp" finished-at="2023-08-01T23:07:28 IST" duration-ms="6210" status="PASS">
          <reporter-output>
          </reporter-output>
        </test-method> <!-- closeApp -->
      </class> <!-- testcases.dashboardSearchCustomerTest -->
    </test> <!-- Test -->
  </suite> <!-- Suite -->
</testng-results>
